<?xml version="1.0" encoding="UTF-8" ?>
<testsuite tests="42" failures="6" name="runner.testRunner" time="5.236" errors="2" skipped="2">
  <properties>
    <property name="java.runtime.name" value="Java(TM) SE Runtime Environment"/>
    <property name="sun.boot.library.path" value="C:\Program Files\Java\jdk1.8.0_221\jre\bin"/>
    <property name="java.vm.version" value="25.221-b11"/>
    <property name="user.country.format" value="AT"/>
    <property name="java.vm.vendor" value="Oracle Corporation"/>
    <property name="maven.multiModuleProjectDirectory" value="D:\workspaces\wk-test-FE01\testFE"/>
    <property name="java.vendor.url" value="http://java.oracle.com/"/>
    <property name="path.separator" value=";"/>
    <property name="guice.disable.misplaced.annotation.check" value="true"/>
    <property name="java.vm.name" value="Java HotSpot(TM) 64-Bit Server VM"/>
    <property name="file.encoding.pkg" value="sun.io"/>
    <property name="user.script" value=""/>
    <property name="user.country" value="US"/>
    <property name="sun.java.launcher" value="SUN_STANDARD"/>
    <property name="sun.os.patch.level" value=""/>
    <property name="test" value="testRunner"/>
    <property name="java.vm.specification.name" value="Java Virtual Machine Specification"/>
    <property name="user.dir" value="D:\workspaces\wk-test-FE01\testFE"/>
    <property name="java.runtime.version" value="1.8.0_221-b11"/>
    <property name="java.awt.graphicsenv" value="sun.awt.Win32GraphicsEnvironment"/>
    <property name="java.endorsed.dirs" value="C:\Program Files\Java\jdk1.8.0_221\jre\lib\endorsed"/>
    <property name="os.arch" value="amd64"/>
    <property name="java.io.tmpdir" value="C:\Users\levia\AppData\Local\Temp\"/>
    <property name="line.separator" value="
"/>
    <property name="java.vm.specification.vendor" value="Oracle Corporation"/>
    <property name="user.variant" value=""/>
    <property name="os.name" value="Windows 10"/>
    <property name="classworlds.conf" value="C:\apache-maven\bin\..\bin\m2.conf"/>
    <property name="sun.jnu.encoding" value="Cp1252"/>
    <property name="java.library.path" value="C:\Program Files\Java\jdk1.8.0_221\bin;C:\Windows\Sun\Java\bin;C:\Windows\system32;C:\Windows;C:\Program Files (x86)\Common Files\Oracle\Java\javapath;C:\Windows\system32;C:\Windows;C:\Windows\System32\Wbem;C:\Windows\System32\WindowsPowerShell\v1.0\;C:\Windows\System32\OpenSSH\;C:\Program Files\Java\jdk1.8.0_221\bin;C:\apache-maven\bin;C:\Program Files\Git\cmd;C:\Users\levia\AppData\Local\Microsoft\WindowsApps;;."/>
    <property name="maven.conf" value="C:\apache-maven\bin\../conf"/>
    <property name="java.specification.name" value="Java Platform API Specification"/>
    <property name="java.class.version" value="52.0"/>
    <property name="sun.management.compiler" value="HotSpot 64-Bit Tiered Compilers"/>
    <property name="os.version" value="10.0"/>
    <property name="library.jansi.path" value="C:\apache-maven\bin\..\lib\jansi-native"/>
    <property name="user.home" value="C:\Users\levia"/>
    <property name="user.timezone" value="America/Buenos_Aires"/>
    <property name="java.awt.printerjob" value="sun.awt.windows.WPrinterJob"/>
    <property name="java.specification.version" value="1.8"/>
    <property name="file.encoding" value="Cp1252"/>
    <property name="user.name" value="levia"/>
    <property name="java.class.path" value="C:\apache-maven\bin\..\boot\plexus-classworlds-2.6.0.jar"/>
    <property name="java.vm.specification.version" value="1.8"/>
    <property name="sun.arch.data.model" value="64"/>
    <property name="java.home" value="C:\Program Files\Java\jdk1.8.0_221\jre"/>
    <property name="sun.java.command" value="org.codehaus.plexus.classworlds.launcher.Launcher -Dtest=testRunner test"/>
    <property name="java.specification.vendor" value="Oracle Corporation"/>
    <property name="user.language" value="en"/>
    <property name="awt.toolkit" value="sun.awt.windows.WToolkit"/>
    <property name="java.vm.info" value="mixed mode"/>
    <property name="java.version" value="1.8.0_221"/>
    <property name="java.ext.dirs" value="C:\Program Files\Java\jdk1.8.0_221\jre\lib\ext;C:\Windows\Sun\Java\lib\ext"/>
    <property name="sun.boot.class.path" value="C:\Program Files\Java\jdk1.8.0_221\jre\lib\resources.jar;C:\Program Files\Java\jdk1.8.0_221\jre\lib\rt.jar;C:\Program Files\Java\jdk1.8.0_221\jre\lib\sunrsasign.jar;C:\Program Files\Java\jdk1.8.0_221\jre\lib\jsse.jar;C:\Program Files\Java\jdk1.8.0_221\jre\lib\jce.jar;C:\Program Files\Java\jdk1.8.0_221\jre\lib\charsets.jar;C:\Program Files\Java\jdk1.8.0_221\jre\lib\jfr.jar;C:\Program Files\Java\jdk1.8.0_221\jre\classes"/>
    <property name="sun.stderr.encoding" value="cp437"/>
    <property name="java.vendor" value="Oracle Corporation"/>
    <property name="maven.home" value="C:\apache-maven\bin\.."/>
    <property name="file.separator" value="\"/>
    <property name="java.vendor.url.bug" value="http://bugreport.sun.com/bugreport/"/>
    <property name="sun.cpu.endian" value="little"/>
    <property name="sun.io.unicode.encoding" value="UnicodeLittle"/>
    <property name="sun.stdout.encoding" value="cp437"/>
    <property name="sun.desktop" value="windows"/>
    <property name="sun.cpu.isalist" value="amd64"/>
  </properties>
  <testcase classname="| homo1 | Hogar y Electrodomésticos | Climatización |" name="Given El Usuario ingresa al sitio de MercadoLibre &quot;https://www.mercadolibre.com.ar/&quot;" time="0.001"/>
  <testcase classname="| homo1 | Hogar y Electrodomésticos | Climatización |" name="And El Usuario desplega el menu Categorias haciend clic y se visualiza el submenu" time="0"/>
  <testcase classname="| homo1 | Hogar y Electrodomésticos | Climatización |" name="And El Usuario hace clic en el submenu &quot;Hogar y Electrodomésticos&quot; y visualiza el desplegable" time="0"/>
  <testcase classname="| homo1 | Hogar y Electrodomésticos | Climatización |" name="And El Usuario hace clic en el deplegable &quot;Climatización&quot; y visauliza la categoria solicitada" time="0"/>
  <testcase classname="| homo1 | Hogar y Electrodomésticos | Climatización |" name="And El Usuario selecciona la ubicacion Capital Federal para filtar la busqueda por region" time="0"/>
  <testcase classname="| homo1 | Hogar y Electrodomésticos | Climatización |" name="And Finalmente el Usuario selecciona una publicacion y visualiza su detalle" time="0"/>
  <testcase classname="| homo1 | Hogar y Electrodomésticos | Climatización |" name="| homo1 | Hogar y Electrodomésticos | Climatización |" time="2.613"/>
  <testcase classname="| homo1 | Tecnología | Celulares y Smartphones |" name="Given El Usuario ingresa al sitio de MercadoLibre &quot;https://www.mercadolibre.com.ar/&quot;" time="0"/>
  <testcase classname="| homo1 | Tecnología | Celulares y Smartphones |" name="And El Usuario desplega el menu Categorias haciend clic y se visualiza el submenu" time="0"/>
  <testcase classname="| homo1 | Tecnología | Celulares y Smartphones |" name="And El Usuario hace clic en el submenu &quot;Tecnología&quot; y visualiza el desplegable" time="0"/>
  <testcase classname="| homo1 | Tecnología | Celulares y Smartphones |" name="And El Usuario hace clic en el deplegable &quot;Celulares y Smartphones&quot; y visauliza la categoria solicitada" time="0"/>
  <testcase classname="| homo1 | Tecnología | Celulares y Smartphones |" name="And El Usuario selecciona la ubicacion Capital Federal para filtar la busqueda por region" time="0"/>
  <testcase classname="| homo1 | Tecnología | Celulares y Smartphones |" name="And Finalmente el Usuario selecciona una publicacion y visualiza su detalle" time="0.002">
    <error message="no such element: Unable to locate element: {&quot;method&quot;:&quot;css selector&quot;,&quot;selector&quot;:&quot;.item\-title__primary&quot;}
  (Session info: chrome=76.0.3809.132)
For documentation on this error, please visit: https://www.seleniumhq.org/exceptions/no_such_element.html
Build info: version: &apos;3.141.59&apos;, revision: &apos;e82be7d358&apos;, time: &apos;2018-11-14T08:17:03&apos;
System info: host: &apos;DESKTOP-J587MH3&apos;, ip: &apos;192.168.0.56&apos;, os.name: &apos;Windows 10&apos;, os.arch: &apos;amd64&apos;, os.version: &apos;10.0&apos;, java.version: &apos;1.8.0_221&apos;
Driver info: org.openqa.selenium.chrome.ChromeDriver
Capabilities {acceptInsecureCerts: false, browserName: chrome, browserVersion: 76.0.3809.132, chrome: {chromedriverVersion: 76.0.3809.126 (d80a294506b4..., userDataDir: C:\Users\levia\AppData\Loca...}, goog:chromeOptions: {debuggerAddress: localhost:52590}, javascriptEnabled: true, networkConnectionEnabled: false, pageLoadStrategy: normal, platform: XP, platformName: XP, proxy: Proxy(), setWindowRect: true, strictFileInteractability: false, timeouts: {implicit: 0, pageLoad: 300000, script: 30000}, unhandledPromptBehavior: dismiss and notify}
Session ID: bd323d9a949649bacaadcf08ccf5152f
*** Element info: {Using=class name, value=item-title__primary}" type="org.openqa.selenium.NoSuchElementException">org.openqa.selenium.NoSuchElementException: no such element: Unable to locate element: {&quot;method&quot;:&quot;css selector&quot;,&quot;selector&quot;:&quot;.item\-title__primary&quot;}
  (Session info: chrome=76.0.3809.132)
For documentation on this error, please visit: https://www.seleniumhq.org/exceptions/no_such_element.html
Build info: version: &apos;3.141.59&apos;, revision: &apos;e82be7d358&apos;, time: &apos;2018-11-14T08:17:03&apos;
System info: host: &apos;DESKTOP-J587MH3&apos;, ip: &apos;192.168.0.56&apos;, os.name: &apos;Windows 10&apos;, os.arch: &apos;amd64&apos;, os.version: &apos;10.0&apos;, java.version: &apos;1.8.0_221&apos;
Driver info: org.openqa.selenium.chrome.ChromeDriver
Capabilities {acceptInsecureCerts: false, browserName: chrome, browserVersion: 76.0.3809.132, chrome: {chromedriverVersion: 76.0.3809.126 (d80a294506b4..., userDataDir: C:\Users\levia\AppData\Loca...}, goog:chromeOptions: {debuggerAddress: localhost:52590}, javascriptEnabled: true, networkConnectionEnabled: false, pageLoadStrategy: normal, platform: XP, platformName: XP, proxy: Proxy(), setWindowRect: true, strictFileInteractability: false, timeouts: {implicit: 0, pageLoad: 300000, script: 30000}, unhandledPromptBehavior: dismiss and notify}
Session ID: bd323d9a949649bacaadcf08ccf5152f
*** Element info: {Using=class name, value=item-title__primary}
	at sun.reflect.NativeConstructorAccessorImpl.newInstance0(Native Method)
	at sun.reflect.NativeConstructorAccessorImpl.newInstance(NativeConstructorAccessorImpl.java:62)
	at sun.reflect.DelegatingConstructorAccessorImpl.newInstance(DelegatingConstructorAccessorImpl.java:45)
	at java.lang.reflect.Constructor.newInstance(Constructor.java:423)
	at org.openqa.selenium.remote.http.W3CHttpResponseCodec.createException(W3CHttpResponseCodec.java:187)
	at org.openqa.selenium.remote.http.W3CHttpResponseCodec.decode(W3CHttpResponseCodec.java:122)
	at org.openqa.selenium.remote.http.W3CHttpResponseCodec.decode(W3CHttpResponseCodec.java:49)
	at org.openqa.selenium.remote.HttpCommandExecutor.execute(HttpCommandExecutor.java:158)
	at org.openqa.selenium.remote.service.DriverCommandExecutor.execute(DriverCommandExecutor.java:83)
	at org.openqa.selenium.remote.RemoteWebDriver.execute(RemoteWebDriver.java:552)
	at org.openqa.selenium.remote.RemoteWebDriver.findElement(RemoteWebDriver.java:323)
	at org.openqa.selenium.remote.RemoteWebDriver.findElementByClassName(RemoteWebDriver.java:412)
	at org.openqa.selenium.By$ByClassName.findElement(By.java:389)
	at org.openqa.selenium.remote.RemoteWebDriver.findElement(RemoteWebDriver.java:315)
	at stepDefinition.testStep.finalmente_el_Usuario_selecciona_una_publicacion_y_visualiza_su_detalle(testStep.java:137)
	at ✽.And Finalmente el Usuario selecciona una publicacion y visualiza su detalle(./Features/FeatureTest01.feature:10)
</error>
  </testcase>
  <testcase classname="| homo1 | Tecnología | Celulares y Smartphones |" name="| homo1 | Tecnología | Celulares y Smartphones |" time="0.003">
    <error message="no such element: Unable to locate element: {&quot;method&quot;:&quot;css selector&quot;,&quot;selector&quot;:&quot;.item\-title__primary&quot;}
  (Session info: chrome=76.0.3809.132)
For documentation on this error, please visit: https://www.seleniumhq.org/exceptions/no_such_element.html
Build info: version: &apos;3.141.59&apos;, revision: &apos;e82be7d358&apos;, time: &apos;2018-11-14T08:17:03&apos;
System info: host: &apos;DESKTOP-J587MH3&apos;, ip: &apos;192.168.0.56&apos;, os.name: &apos;Windows 10&apos;, os.arch: &apos;amd64&apos;, os.version: &apos;10.0&apos;, java.version: &apos;1.8.0_221&apos;
Driver info: org.openqa.selenium.chrome.ChromeDriver
Capabilities {acceptInsecureCerts: false, browserName: chrome, browserVersion: 76.0.3809.132, chrome: {chromedriverVersion: 76.0.3809.126 (d80a294506b4..., userDataDir: C:\Users\levia\AppData\Loca...}, goog:chromeOptions: {debuggerAddress: localhost:52590}, javascriptEnabled: true, networkConnectionEnabled: false, pageLoadStrategy: normal, platform: XP, platformName: XP, proxy: Proxy(), setWindowRect: true, strictFileInteractability: false, timeouts: {implicit: 0, pageLoad: 300000, script: 30000}, unhandledPromptBehavior: dismiss and notify}
Session ID: bd323d9a949649bacaadcf08ccf5152f
*** Element info: {Using=class name, value=item-title__primary}" type="org.openqa.selenium.NoSuchElementException">org.openqa.selenium.NoSuchElementException: no such element: Unable to locate element: {&quot;method&quot;:&quot;css selector&quot;,&quot;selector&quot;:&quot;.item\-title__primary&quot;}
  (Session info: chrome=76.0.3809.132)
For documentation on this error, please visit: https://www.seleniumhq.org/exceptions/no_such_element.html
Build info: version: &apos;3.141.59&apos;, revision: &apos;e82be7d358&apos;, time: &apos;2018-11-14T08:17:03&apos;
System info: host: &apos;DESKTOP-J587MH3&apos;, ip: &apos;192.168.0.56&apos;, os.name: &apos;Windows 10&apos;, os.arch: &apos;amd64&apos;, os.version: &apos;10.0&apos;, java.version: &apos;1.8.0_221&apos;
Driver info: org.openqa.selenium.chrome.ChromeDriver
Capabilities {acceptInsecureCerts: false, browserName: chrome, browserVersion: 76.0.3809.132, chrome: {chromedriverVersion: 76.0.3809.126 (d80a294506b4..., userDataDir: C:\Users\levia\AppData\Loca...}, goog:chromeOptions: {debuggerAddress: localhost:52590}, javascriptEnabled: true, networkConnectionEnabled: false, pageLoadStrategy: normal, platform: XP, platformName: XP, proxy: Proxy(), setWindowRect: true, strictFileInteractability: false, timeouts: {implicit: 0, pageLoad: 300000, script: 30000}, unhandledPromptBehavior: dismiss and notify}
Session ID: bd323d9a949649bacaadcf08ccf5152f
*** Element info: {Using=class name, value=item-title__primary}
	at sun.reflect.NativeConstructorAccessorImpl.newInstance0(Native Method)
	at sun.reflect.NativeConstructorAccessorImpl.newInstance(NativeConstructorAccessorImpl.java:62)
	at sun.reflect.DelegatingConstructorAccessorImpl.newInstance(DelegatingConstructorAccessorImpl.java:45)
	at java.lang.reflect.Constructor.newInstance(Constructor.java:423)
	at org.openqa.selenium.remote.http.W3CHttpResponseCodec.createException(W3CHttpResponseCodec.java:187)
	at org.openqa.selenium.remote.http.W3CHttpResponseCodec.decode(W3CHttpResponseCodec.java:122)
	at org.openqa.selenium.remote.http.W3CHttpResponseCodec.decode(W3CHttpResponseCodec.java:49)
	at org.openqa.selenium.remote.HttpCommandExecutor.execute(HttpCommandExecutor.java:158)
	at org.openqa.selenium.remote.service.DriverCommandExecutor.execute(DriverCommandExecutor.java:83)
	at org.openqa.selenium.remote.RemoteWebDriver.execute(RemoteWebDriver.java:552)
	at org.openqa.selenium.remote.RemoteWebDriver.findElement(RemoteWebDriver.java:323)
	at org.openqa.selenium.remote.RemoteWebDriver.findElementByClassName(RemoteWebDriver.java:412)
	at org.openqa.selenium.By$ByClassName.findElement(By.java:389)
	at org.openqa.selenium.remote.RemoteWebDriver.findElement(RemoteWebDriver.java:315)
	at stepDefinition.testStep.finalmente_el_Usuario_selecciona_una_publicacion_y_visualiza_su_detalle(testStep.java:137)
	at ✽.And Finalmente el Usuario selecciona una publicacion y visualiza su detalle(./Features/FeatureTest01.feature:10)
</error>
  </testcase>
  <testcase classname="| homo1 | Deportes y Aire Libre | Bicicletas |" name="Given El Usuario ingresa al sitio de MercadoLibre &quot;https://www.mercadolibre.com.ar/&quot;" time="0"/>
  <testcase classname="| homo1 | Deportes y Aire Libre | Bicicletas |" name="And El Usuario desplega el menu Categorias haciend clic y se visualiza el submenu" time="0"/>
  <testcase classname="| homo1 | Deportes y Aire Libre | Bicicletas |" name="And El Usuario hace clic en el submenu &quot;Deportes y Aire Libre&quot; y visualiza el desplegable" time="0"/>
  <testcase classname="| homo1 | Deportes y Aire Libre | Bicicletas |" name="And El Usuario hace clic en el deplegable &quot;Bicicletas&quot; y visauliza la categoria solicitada" time="0"/>
  <testcase classname="| homo1 | Deportes y Aire Libre | Bicicletas |" name="And El Usuario selecciona la ubicacion Capital Federal para filtar la busqueda por region" time="0"/>
  <testcase classname="| homo1 | Deportes y Aire Libre | Bicicletas |" name="And Finalmente el Usuario selecciona una publicacion y visualiza su detalle" time="0">
    <failure message="El precio del producto seleccionado no es el esperado expected:&lt;1[0.7]99&gt; but was:&lt;1[7.9]99&gt;" type="junit.framework.ComparisonFailure">junit.framework.ComparisonFailure: El precio del producto seleccionado no es el esperado expected:&lt;1[0.7]99&gt; but was:&lt;1[7.9]99&gt;
	at junit.framework.Assert.assertEquals(Assert.java:100)
	at stepDefinition.testStep.finalmente_el_Usuario_selecciona_una_publicacion_y_visualiza_su_detalle(testStep.java:141)
	at ✽.And Finalmente el Usuario selecciona una publicacion y visualiza su detalle(./Features/FeatureTest01.feature:10)
</failure>
  </testcase>
  <testcase classname="| homo1 | Deportes y Aire Libre | Bicicletas |" name="| homo1 | Deportes y Aire Libre | Bicicletas |" time="0">
    <failure message="El precio del producto seleccionado no es el esperado expected:&lt;1[0.7]99&gt; but was:&lt;1[7.9]99&gt;" type="junit.framework.ComparisonFailure">junit.framework.ComparisonFailure: El precio del producto seleccionado no es el esperado expected:&lt;1[0.7]99&gt; but was:&lt;1[7.9]99&gt;
	at junit.framework.Assert.assertEquals(Assert.java:100)
	at stepDefinition.testStep.finalmente_el_Usuario_selecciona_una_publicacion_y_visualiza_su_detalle(testStep.java:141)
	at ✽.And Finalmente el Usuario selecciona una publicacion y visualiza su detalle(./Features/FeatureTest01.feature:10)
</failure>
  </testcase>
  <testcase classname="| homo1 | Herramientas e Industria | Industria Textil |" name="Given El Usuario ingresa al sitio de MercadoLibre &quot;https://www.mercadolibre.com.ar/&quot;" time="0"/>
  <testcase classname="| homo1 | Herramientas e Industria | Industria Textil |" name="And El Usuario desplega el menu Categorias haciend clic y se visualiza el submenu" time="0"/>
  <testcase classname="| homo1 | Herramientas e Industria | Industria Textil |" name="And El Usuario hace clic en el submenu &quot;Herramientas e Industria&quot; y visualiza el desplegable" time="0"/>
  <testcase classname="| homo1 | Herramientas e Industria | Industria Textil |" name="And El Usuario hace clic en el deplegable &quot;Industria Textil&quot; y visauliza la categoria solicitada" time="0"/>
  <testcase classname="| homo1 | Herramientas e Industria | Industria Textil |" name="And El Usuario selecciona la ubicacion Capital Federal para filtar la busqueda por region" time="0"/>
  <testcase classname="| homo1 | Herramientas e Industria | Industria Textil |" name="And Finalmente el Usuario selecciona una publicacion y visualiza su detalle" time="0"/>
  <testcase classname="| homo1 | Herramientas e Industria | Industria Textil |" name="| homo1 | Herramientas e Industria | Industria Textil |" time="2.614"/>
  <testcase classname="| homo1 | Juguetes y Bebés | Cuarto del Bebé |" name="Given El Usuario ingresa al sitio de MercadoLibre &quot;https://www.mercadolibre.com.ar/&quot;" time="0"/>
  <testcase classname="| homo1 | Juguetes y Bebés | Cuarto del Bebé |" name="And El Usuario desplega el menu Categorias haciend clic y se visualiza el submenu" time="0"/>
  <testcase classname="| homo1 | Juguetes y Bebés | Cuarto del Bebé |" name="And El Usuario hace clic en el submenu &quot;Juguetes y Bebés&quot; y visualiza el desplegable" time="0"/>
  <testcase classname="| homo1 | Juguetes y Bebés | Cuarto del Bebé |" name="And El Usuario hace clic en el deplegable &quot;Cuarto del Bebé&quot; y visauliza la categoria solicitada" time="0"/>
  <testcase classname="| homo1 | Juguetes y Bebés | Cuarto del Bebé |" name="And El Usuario selecciona la ubicacion Capital Federal para filtar la busqueda por region" time="0"/>
  <testcase classname="| homo1 | Juguetes y Bebés | Cuarto del Bebé |" name="And Finalmente el Usuario selecciona una publicacion y visualiza su detalle" time="0">
    <failure message="El precio del producto seleccionado no es el esperado expected:&lt;[7.499]&gt; but was:&lt;[10.124]&gt;" type="junit.framework.ComparisonFailure">junit.framework.ComparisonFailure: El precio del producto seleccionado no es el esperado expected:&lt;[7.499]&gt; but was:&lt;[10.124]&gt;
	at junit.framework.Assert.assertEquals(Assert.java:100)
	at stepDefinition.testStep.finalmente_el_Usuario_selecciona_una_publicacion_y_visualiza_su_detalle(testStep.java:141)
	at ✽.And Finalmente el Usuario selecciona una publicacion y visualiza su detalle(./Features/FeatureTest01.feature:10)
</failure>
  </testcase>
  <testcase classname="| homo1 | Juguetes y Bebés | Cuarto del Bebé |" name="| homo1 | Juguetes y Bebés | Cuarto del Bebé |" time="0.001">
    <failure message="El precio del producto seleccionado no es el esperado expected:&lt;[7.499]&gt; but was:&lt;[10.124]&gt;" type="junit.framework.ComparisonFailure">junit.framework.ComparisonFailure: El precio del producto seleccionado no es el esperado expected:&lt;[7.499]&gt; but was:&lt;[10.124]&gt;
	at junit.framework.Assert.assertEquals(Assert.java:100)
	at stepDefinition.testStep.finalmente_el_Usuario_selecciona_una_publicacion_y_visualiza_su_detalle(testStep.java:141)
	at ✽.And Finalmente el Usuario selecciona una publicacion y visualiza su detalle(./Features/FeatureTest01.feature:10)
</failure>
  </testcase>
  <testcase classname="| homo1 | Libros | Historia |" name="Given El Usuario ingresa al sitio de MercadoLibre &quot;https://www.mercadolibre.com.ar/&quot;" time="0"/>
  <testcase classname="| homo1 | Libros | Historia |" name="And El Usuario desplega el menu Categorias haciend clic y se visualiza el submenu" time="0"/>
  <testcase classname="| homo1 | Libros | Historia |" name="And El Usuario hace clic en el submenu &quot;Libros&quot; y visualiza el desplegable" time="0"/>
  <testcase classname="| homo1 | Libros | Historia |" name="And El Usuario hace clic en el deplegable &quot;Historia&quot; y visauliza la categoria solicitada" time="0">
    <failure message="El parametro de busqueda no es el esperado expected:&lt;[]Historia&gt; but was:&lt;[Libros de Ciencias Sociales ]Historia&gt;" type="junit.framework.ComparisonFailure">junit.framework.ComparisonFailure: El parametro de busqueda no es el esperado expected:&lt;[]Historia&gt; but was:&lt;[Libros de Ciencias Sociales ]Historia&gt;
	at junit.framework.Assert.assertEquals(Assert.java:100)
	at stepDefinition.testStep.el_Usuario_hace_clic_en_el_deplegable_y_visauliza_la_categoria_solicitada(testStep.java:108)
	at ✽.And El Usuario hace clic en el deplegable &quot;Historia&quot; y visauliza la categoria solicitada(./Features/FeatureTest01.feature:8)
</failure>
    <system-out>Libros de Ciencias Sociales Historia
</system-out>
  </testcase>
  <testcase classname="| homo1 | Libros | Historia |" name="| homo1 | Libros | Historia |" time="0">
    <failure message="El parametro de busqueda no es el esperado expected:&lt;[]Historia&gt; but was:&lt;[Libros de Ciencias Sociales ]Historia&gt;" type="junit.framework.ComparisonFailure">junit.framework.ComparisonFailure: El parametro de busqueda no es el esperado expected:&lt;[]Historia&gt; but was:&lt;[Libros de Ciencias Sociales ]Historia&gt;
	at junit.framework.Assert.assertEquals(Assert.java:100)
	at stepDefinition.testStep.el_Usuario_hace_clic_en_el_deplegable_y_visauliza_la_categoria_solicitada(testStep.java:108)
	at ✽.And El Usuario hace clic en el deplegable &quot;Historia&quot; y visauliza la categoria solicitada(./Features/FeatureTest01.feature:8)
</failure>
  </testcase>
  <testcase classname="| homo1 | Libros | Historia |" name="And El Usuario selecciona la ubicacion Capital Federal para filtar la busqueda por region" time="0.001">
    <skipped/>
  </testcase>
  <testcase classname="| homo1 | Libros | Historia |" name="And Finalmente el Usuario selecciona una publicacion y visualiza su detalle" time="0.001">
    <skipped/>
  </testcase>
</testsuite>